<?xml version="1.0" encoding="UTF-8"?>
<testng-results ignored="0" total="1" passed="1" failed="0" skipped="0">
  <reporter-output>
  </reporter-output>
  <suite started-at="2025-05-07T03:27:35 EEST" name="Default Suite" finished-at="2025-05-07T03:27:55 EEST" duration-ms="20300">
    <groups>
    </groups>
    <test started-at="2025-05-07T03:27:35 EEST" name="FirstMavenSeleniumProject" finished-at="2025-05-07T03:27:55 EEST" duration-ms="20300">
      <class name="TestClass.SeleniumTestNGDemo">
        <test-method is-config="true" signature="beforemethod()[pri:0, instance:TestClass.SeleniumTestNGDemo@689604d9]" started-at="2025-05-07T03:27:35 EEST" name="beforemethod" finished-at="2025-05-07T03:27:43 EEST" duration-ms="7693" status="PASS">
          <reporter-output>
          </reporter-output>
        </test-method> <!-- beforemethod -->
        <test-method signature="test()[pri:0, instance:TestClass.SeleniumTestNGDemo@689604d9]" started-at="2025-05-07T03:27:43 EEST" name="test" finished-at="2025-05-07T03:27:54 EEST" duration-ms="11301" status="PASS">
          <reporter-output>
          </reporter-output>
        </test-method> <!-- test -->
        <test-method is-config="true" signature="aftermethod()[pri:0, instance:TestClass.SeleniumTestNGDemo@689604d9]" started-at="2025-05-07T03:27:54 EEST" name="aftermethod" finished-at="2025-05-07T03:27:55 EEST" duration-ms="1223" status="PASS">
          <reporter-output>
          </reporter-output>
        </test-method> <!-- aftermethod -->
      </class> <!-- TestClass.SeleniumTestNGDemo -->
    </test> <!-- FirstMavenSeleniumProject -->
  </suite> <!-- Default Suite -->
</testng-results>
